0.000000 255.000000 255.000000 255.000000 255.000000 255.000000 255.000000 255.000000 255.000000 
0.000000 255.000000 255.000000 255.000000 255.000000 255.000000 255.000000 255.000000 255.000000 
0.000000 255.000000 255.000000 255.000000 255.000000 255.000000 255.000000 255.000000 255.000000 
0.000000 255.000000 255.000000 255.000000 255.000000 255.000000 255.000000 255.000000 255.000000 
0.010000 255.000000 255.000000 255.000000 255.000000 255.000000 255.000000 255.000000 255.000000 
0.020000 255.000000 255.000000 255.000000 255.000000 255.000000 255.000000 255.000000 255.000000 
0.030000 255.000000 255.000000 255.000000 255.000000 255.000000 255.000000 255.000000 255.000000 
0.040000 255.000000 255.000000 255.000000 255.000000 255.000000 255.000000 255.000000 255.000000 
0.050000 255.000000 255.000000 255.000000 255.000000 255.000000 255.000000 255.000000 255.000000 
0.060000 255.000000 255.000000 255.000000 255.000000 255.000000 255.000000 255.000000 255.000000 
0.070000 255.000000 255.000000 255.000000 255.000000 255.000000 255.000000 255.000000 255.000000 
0.080000 255.000000 255.000000 255.000000 255.000000 255.000000 255.000000 255.000000 255.000000 
0.090000 255.000000 255.000000 255.000000 255.000000 255.000000 255.000000 255.000000 255.000000 
0.100000 255.000000 255.000000 255.000000 255.000000 255.000000 255.000000 255.000000 255.000000 
0.110000 255.000000 255.000000 255.000000 255.000000 255.000000 255.000000 255.000000 255.000000 
0.120000 255.000000 255.000000 255.000000 255.000000 255.000000 255.000000 255.000000 255.000000 
0.130000 255.000000 255.000000 255.000000 255.000000 255.000000 255.000000 255.000000 255.000000 
0.140000 255.000000 255.000000 255.000000 255.000000 255.000000 255.000000 255.000000 255.000000 
0.150000 255.000000 255.000000 255.000000 255.000000 255.000000 255.000000 255.000000 255.000000 
0.160000 255.000000 255.000000 255.000000 255.000000 255.000000 255.000000 255.000000 255.000000 
0.170000 255.000000 255.000000 255.000000 255.000000 255.000000 255.000000 255.000000 255.000000 
0.180000 255.000000 255.000000 255.000000 255.000000 255.000000 255.000000 255.000000 255.000000 
0.190000 255.000000 255.000000 255.000000 255.000000 255.000000 255.000000 255.000000 255.000000 
0.200000 255.000000 255.000000 255.000000 255.000000 255.000000 255.000000 255.000000 255.000000 
0.210000 255.000000 255.000000 255.000000 255.000000 255.000000 255.000000 255.000000 255.000000 
0.220000 255.000000 255.000000 255.000000 255.000000 255.000000 255.000000 255.000000 255.000000 
0.230000 255.000000 255.000000 255.000000 255.000000 255.000000 255.000000 255.000000 255.000000 
0.240000 255.000000 255.000000 255.000000 255.000000 255.000000 255.000000 255.000000 255.000000 
0.250000 255.000000 255.000000 255.000000 255.000000 255.000000 255.000000 255.000000 255.000000 
0.260000 255.000000 255.000000 255.000000 255.000000 255.000000 255.000000 255.000000 255.000000 
0.270000 255.000000 255.000000 255.000000 255.000000 255.000000 255.000000 255.000000 255.000000 
0.280000 255.000000 255.000000 255.000000 255.000000 255.000000 255.000000 255.000000 255.000000 
0.290000 255.000000 255.000000 255.000000 255.000000 255.000000 255.000000 255.000000 255.000000 
0.300000 255.000000 255.000000 255.000000 255.000000 255.000000 255.000000 255.000000 255.000000 
0.000000 255.000000 255.000000 255.000000 255.000000 255.000000 255.000000 255.000000 255.000000 
0.000000 255.000000 255.000000 255.000000 255.000000 255.000000 255.000000 255.000000 255.000000 
0.010000 255.000000 255.000000 255.000000 255.000000 255.000000 255.000000 255.000000 255.000000 
0.020000 255.000000 255.000000 255.000000 255.000000 255.000000 255.000000 255.000000 255.000000 
0.030000 255.000000 255.000000 255.000000 255.000000 255.000000 255.000000 255.000000 255.000000 
0.040000 255.000000 255.000000 255.000000 255.000000 255.000000 255.000000 255.000000 255.000000 
0.050000 255.000000 255.000000 255.000000 255.000000 255.000000 255.000000 255.000000 255.000000 
0.060000 255.000000 255.000000 255.000000 255.000000 255.000000 255.000000 255.000000 255.000000 
0.070000 255.000000 255.000000 255.000000 255.000000 255.000000 255.000000 255.000000 255.000000 
0.080000 255.000000 255.000000 255.000000 255.000000 255.000000 255.000000 255.000000 255.000000 
0.090000 255.000000 255.000000 255.000000 255.000000 255.000000 255.000000 255.000000 255.000000 
0.100000 255.000000 255.000000 255.000000 255.000000 255.000000 255.000000 255.000000 255.000000 
0.110000 255.000000 255.000000 255.000000 255.000000 255.000000 255.000000 255.000000 255.000000 
0.120000 255.000000 255.000000 255.000000 255.000000 255.000000 255.000000 255.000000 255.000000 
0.130000 255.000000 255.000000 255.000000 255.000000 255.000000 255.000000 255.000000 255.000000 
0.140000 255.000000 255.000000 255.000000 255.000000 255.000000 255.000000 255.000000 255.000000 
0.150000 255.000000 255.000000 255.000000 255.000000 255.000000 255.000000 255.000000 255.000000 
0.160000 255.000000 255.000000 255.000000 255.000000 255.000000 255.000000 255.000000 255.000000 
0.170000 255.000000 255.000000 255.000000 255.000000 255.000000 255.000000 255.000000 255.000000 
0.180000 255.000000 255.000000 255.000000 255.000000 255.000000 255.000000 255.000000 255.000000 
0.190000 255.000000 255.000000 255.000000 255.000000 255.000000 255.000000 255.000000 255.000000 
0.200000 255.000000 255.000000 255.000000 255.000000 255.000000 255.000000 255.000000 255.000000 
0.210000 255.000000 255.000000 255.000000 255.000000 255.000000 255.000000 255.000000 255.000000 
0.220000 255.000000 255.000000 255.000000 255.000000 255.000000 255.000000 255.000000 255.000000 
0.230000 255.000000 255.000000 255.000000 255.000000 255.000000 255.000000 255.000000 255.000000 
0.240000 255.000000 255.000000 255.000000 255.000000 255.000000 255.000000 255.000000 255.000000 
0.250000 255.000000 255.000000 255.000000 255.000000 255.000000 255.000000 255.000000 255.000000 
0.260000 255.000000 255.000000 255.000000 255.000000 255.000000 255.000000 255.000000 255.000000 
0.270000 255.000000 255.000000 255.000000 255.000000 255.000000 255.000000 255.000000 255.000000 
0.280000 255.000000 255.000000 255.000000 255.000000 255.000000 255.000000 255.000000 255.000000 
0.290000 255.000000 255.000000 255.000000 255.000000 255.000000 255.000000 255.000000 255.000000 
0.300000 255.000000 255.000000 255.000000 255.000000 255.000000 255.000000 255.000000 255.000000 
0.310000 255.000000 255.000000 255.000000 255.000000 255.000000 255.000000 255.000000 255.000000 
0.320000 255.000000 255.000000 255.000000 255.000000 255.000000 255.000000 255.000000 255.000000 
0.330000 255.000000 255.000000 255.000000 255.000000 255.000000 255.000000 255.000000 255.000000 
0.340000 255.000000 255.000000 255.000000 255.000000 255.000000 255.000000 255.000000 255.000000 
0.350000 255.000000 255.000000 255.000000 255.000000 255.000000 255.000000 255.000000 255.000000 
0.360000 255.000000 255.000000 255.000000 255.000000 255.000000 255.000000 255.000000 255.000000 
0.370000 255.000000 255.000000 255.000000 255.000000 255.000000 255.000000 255.000000 255.000000 
0.380000 255.000000 255.000000 255.000000 255.000000 255.000000 255.000000 255.000000 255.000000 
0.390000 255.000000 255.000000 255.000000 255.000000 255.000000 255.000000 255.000000 255.000000 
0.400000 255.000000 255.000000 255.000000 255.000000 255.000000 255.000000 255.000000 255.000000 
0.410000 255.000000 255.000000 255.000000 255.000000 255.000000 255.000000 255.000000 255.000000 
0.420000 255.000000 255.000000 255.000000 255.000000 255.000000 255.000000 255.000000 255.000000 
0.430000 255.000000 255.000000 255.000000 255.000000 255.000000 255.000000 255.000000 255.000000 
0.440000 255.000000 255.000000 255.000000 255.000000 255.000000 255.000000 255.000000 255.000000 
0.450000 255.000000 255.000000 255.000000 255.000000 255.000000 255.000000 255.000000 255.000000 
0.460000 255.000000 255.000000 255.000000 255.000000 255.000000 255.000000 255.000000 255.000000 
0.470000 255.000000 255.000000 255.000000 255.000000 255.000000 255.000000 255.000000 255.000000 
0.480000 255.000000 255.000000 255.000000 255.000000 255.000000 255.000000 255.000000 255.000000 
0.490000 255.000000 255.000000 255.000000 255.000000 255.000000 255.000000 255.000000 255.000000 
0.500000 255.000000 255.000000 255.000000 255.000000 255.000000 255.000000 255.000000 255.000000 
0.510000 255.000000 255.000000 255.000000 255.000000 255.000000 255.000000 255.000000 255.000000 
0.520000 255.000000 255.000000 255.000000 255.000000 255.000000 255.000000 255.000000 255.000000 
0.530000 255.000000 255.000000 255.000000 255.000000 255.000000 255.000000 255.000000 255.000000 
0.540000 255.000000 255.000000 255.000000 255.000000 255.000000 255.000000 255.000000 255.000000 
0.550000 255.000000 255.000000 255.000000 255.000000 255.000000 255.000000 255.000000 255.000000 
0.560000 255.000000 255.000000 255.000000 255.000000 255.000000 255.000000 255.000000 255.000000 
0.570000 255.000000 255.000000 255.000000 255.000000 255.000000 255.000000 255.000000 255.000000 
0.580000 255.000000 255.000000 255.000000 255.000000 255.000000 255.000000 255.000000 255.000000 
0.590000 255.000000 255.000000 255.000000 255.000000 255.000000 255.000000 255.000000 255.000000 
0.600000 255.000000 255.000000 255.000000 255.000000 255.000000 255.000000 255.000000 255.000000 
0.610000 255.000000 255.000000 255.000000 255.000000 255.000000 255.000000 255.000000 255.000000 
0.620000 255.000000 255.000000 255.000000 255.000000 255.000000 255.000000 255.000000 255.000000 
0.630000 255.000000 255.000000 255.000000 255.000000 255.000000 255.000000 255.000000 255.000000 
0.640000 255.000000 255.000000 255.000000 255.000000 255.000000 255.000000 255.000000 255.000000 
0.650000 255.000000 255.000000 255.000000 255.000000 255.000000 255.000000 255.000000 255.000000 
0.660000 255.000000 255.000000 255.000000 255.000000 255.000000 255.000000 255.000000 255.000000 
0.670000 255.000000 255.000000 255.000000 255.000000 255.000000 255.000000 255.000000 255.000000 
0.680000 255.000000 255.000000 255.000000 255.000000 255.000000 255.000000 255.000000 255.000000 
0.690000 255.000000 255.000000 255.000000 255.000000 255.000000 255.000000 255.000000 255.000000 
0.700000 255.000000 255.000000 255.000000 255.000000 255.000000 255.000000 255.000000 255.000000 
0.710000 255.000000 255.000000 255.000000 255.000000 255.000000 255.000000 255.000000 255.000000 
0.720000 255.000000 255.000000 255.000000 255.000000 255.000000 255.000000 255.000000 255.000000 
0.730000 255.000000 255.000000 255.000000 255.000000 255.000000 255.000000 255.000000 255.000000 
0.740000 255.000000 255.000000 255.000000 255.000000 255.000000 255.000000 255.000000 255.000000 
0.750000 255.000000 255.000000 255.000000 255.000000 255.000000 255.000000 255.000000 255.000000 
0.760000 255.000000 255.000000 255.000000 255.000000 255.000000 255.000000 255.000000 255.000000 
0.770000 255.000000 255.000000 255.000000 255.000000 255.000000 255.000000 255.000000 255.000000 
0.780000 255.000000 255.000000 255.000000 255.000000 255.000000 255.000000 255.000000 255.000000 
0.790000 255.000000 255.000000 255.000000 255.000000 255.000000 255.000000 255.000000 255.000000 
0.800000 255.000000 255.000000 255.000000 255.000000 255.000000 255.000000 255.000000 255.000000 
0.810000 255.000000 255.000000 255.000000 255.000000 255.000000 255.000000 255.000000 255.000000 
0.820000 255.000000 255.000000 255.000000 255.000000 255.000000 255.000000 255.000000 255.000000 
0.830000 255.000000 255.000000 255.000000 255.000000 255.000000 255.000000 255.000000 255.000000 
0.840000 255.000000 255.000000 255.000000 255.000000 255.000000 255.000000 255.000000 255.000000 
0.850000 255.000000 255.000000 255.000000 255.000000 255.000000 255.000000 255.000000 255.000000 
0.860000 255.000000 255.000000 255.000000 255.000000 255.000000 255.000000 255.000000 255.000000 
0.870000 255.000000 255.000000 255.000000 255.000000 255.000000 255.000000 255.000000 255.000000 
0.880000 255.000000 255.000000 255.000000 255.000000 255.000000 255.000000 255.000000 255.000000 
0.890000 255.000000 255.000000 255.000000 255.000000 255.000000 255.000000 255.000000 255.000000 
0.900000 255.000000 255.000000 255.000000 255.000000 255.000000 255.000000 255.000000 255.000000 
0.910000 255.000000 255.000000 255.000000 255.000000 255.000000 255.000000 255.000000 255.000000 
0.920000 255.000000 255.000000 255.000000 255.000000 255.000000 255.000000 255.000000 255.000000 
0.930000 255.000000 255.000000 255.000000 255.000000 255.000000 255.000000 255.000000 255.000000 
0.940000 255.000000 255.000000 255.000000 255.000000 255.000000 255.000000 255.000000 255.000000 
0.950000 255.000000 255.000000 255.000000 255.000000 255.000000 255.000000 255.000000 255.000000 
0.960000 225.000000 225.000000 225.000000 225.000000 225.000000 225.000000 225.000000 225.000000 
0.970000 225.000000 225.000000 225.000000 225.000000 225.000000 225.000000 225.000000 225.000000 
0.980000 225.000000 225.000000 225.000000 225.000000 225.000000 225.000000 225.000000 225.000000 
0.990000 182.000000 182.000000 182.000000 182.000000 182.000000 182.000000 182.000000 182.000000 
1.000000 182.000000 182.000000 182.000000 182.000000 182.000000 182.000000 182.000000 182.000000 
1.010000 182.000000 182.000000 182.000000 182.000000 182.000000 182.000000 182.000000 182.000000 
1.020000 182.000000 182.000000 182.000000 182.000000 182.000000 182.000000 182.000000 182.000000 
1.030000 127.000000 127.000000 127.000000 127.000000 127.000000 127.000000 127.000000 127.000000 
1.040000 127.000000 127.000000 127.000000 127.000000 127.000000 127.000000 127.000000 127.000000 
1.050000 127.000000 127.000000 127.000000 127.000000 127.000000 127.000000 127.000000 127.000000 
1.060000 85.000000 85.000000 85.000000 85.000000 85.000000 85.000000 85.000000 85.000000 
1.070000 85.000000 85.000000 85.000000 85.000000 85.000000 85.000000 85.000000 85.000000 
1.080000 85.000000 85.000000 85.000000 85.000000 85.000000 85.000000 85.000000 85.000000 
1.090000 85.000000 85.000000 85.000000 85.000000 85.000000 85.000000 85.000000 85.000000 
1.100000 85.000000 85.000000 85.000000 85.000000 85.000000 85.000000 85.000000 85.000000 
1.110000 85.000000 85.000000 85.000000 85.000000 85.000000 85.000000 85.000000 85.000000 
1.120000 85.000000 85.000000 85.000000 85.000000 85.000000 85.000000 85.000000 85.000000 
1.130000 85.000000 85.000000 85.000000 85.000000 85.000000 85.000000 85.000000 85.000000 
1.140000 85.000000 85.000000 85.000000 85.000000 85.000000 85.000000 85.000000 85.000000 
1.150000 85.000000 85.000000 85.000000 85.000000 85.000000 85.000000 85.000000 85.000000 
1.160000 85.000000 85.000000 85.000000 85.000000 85.000000 85.000000 85.000000 85.000000 
1.170000 85.000000 85.000000 85.000000 85.000000 85.000000 85.000000 85.000000 85.000000 
1.180000 85.000000 85.000000 85.000000 85.000000 85.000000 85.000000 85.000000 85.000000 
1.190000 85.000000 85.000000 85.000000 85.000000 85.000000 85.000000 85.000000 85.000000 
1.200000 85.000000 85.000000 85.000000 85.000000 85.000000 85.000000 85.000000 85.000000 
1.210000 85.000000 85.000000 85.000000 85.000000 85.000000 85.000000 85.000000 85.000000 
1.220000 85.000000 85.000000 85.000000 85.000000 85.000000 85.000000 85.000000 85.000000 
1.230000 85.000000 85.000000 85.000000 85.000000 85.000000 85.000000 85.000000 85.000000 
1.240000 85.000000 85.000000 85.000000 85.000000 85.000000 85.000000 85.000000 85.000000 
1.250000 85.000000 85.000000 85.000000 85.000000 85.000000 85.000000 85.000000 85.000000 
1.260000 85.000000 85.000000 85.000000 85.000000 85.000000 85.000000 85.000000 85.000000 
1.270000 85.000000 85.000000 85.000000 85.000000 85.000000 85.000000 85.000000 85.000000 
1.280000 85.000000 85.000000 85.000000 85.000000 85.000000 85.000000 85.000000 85.000000 
1.290000 85.000000 85.000000 85.000000 85.000000 85.000000 85.000000 85.000000 85.000000 
1.300000 85.000000 85.000000 85.000000 85.000000 85.000000 85.000000 85.000000 85.000000 
1.310000 85.000000 85.000000 85.000000 85.000000 85.000000 85.000000 85.000000 85.000000 
1.320000 85.000000 85.000000 85.000000 85.000000 85.000000 85.000000 85.000000 85.000000 
1.330000 85.000000 85.000000 85.000000 85.000000 85.000000 85.000000 85.000000 85.000000 
1.340000 85.000000 85.000000 85.000000 85.000000 85.000000 85.000000 85.000000 85.000000 
1.350000 85.000000 85.000000 85.000000 85.000000 85.000000 85.000000 85.000000 85.000000 
1.360000 85.000000 85.000000 85.000000 85.000000 85.000000 85.000000 85.000000 85.000000 
1.370000 85.000000 85.000000 85.000000 85.000000 85.000000 85.000000 85.000000 85.000000 
1.380000 85.000000 85.000000 85.000000 85.000000 85.000000 85.000000 85.000000 85.000000 
1.390000 85.000000 85.000000 85.000000 85.000000 85.000000 85.000000 85.000000 85.000000 
1.400000 85.000000 85.000000 85.000000 85.000000 85.000000 85.000000 85.000000 85.000000 
1.410000 85.000000 85.000000 85.000000 85.000000 85.000000 85.000000 85.000000 85.000000 
1.420000 85.000000 85.000000 85.000000 85.000000 85.000000 85.000000 85.000000 85.000000 
1.430000 85.000000 85.000000 85.000000 85.000000 85.000000 85.000000 85.000000 85.000000 
1.440000 85.000000 85.000000 85.000000 85.000000 85.000000 85.000000 85.000000 85.000000 
1.450000 85.000000 85.000000 85.000000 85.000000 85.000000 85.000000 85.000000 85.000000 
1.460000 85.000000 85.000000 85.000000 85.000000 85.000000 85.000000 85.000000 85.000000 
1.470000 85.000000 85.000000 85.000000 85.000000 85.000000 85.000000 85.000000 85.000000 
1.480000 85.000000 85.000000 85.000000 85.000000 85.000000 85.000000 85.000000 85.000000 
1.490000 85.000000 85.000000 85.000000 85.000000 85.000000 85.000000 85.000000 85.000000 
1.500000 85.000000 85.000000 85.000000 85.000000 85.000000 85.000000 85.000000 85.000000 
1.510000 85.000000 85.000000 85.000000 85.000000 85.000000 85.000000 85.000000 85.000000 
1.520000 85.000000 85.000000 85.000000 85.000000 85.000000 85.000000 85.000000 85.000000 
1.530000 85.000000 85.000000 85.000000 85.000000 85.000000 85.000000 85.000000 85.000000 
1.540000 85.000000 85.000000 85.000000 85.000000 85.000000 85.000000 85.000000 85.000000 
1.550000 85.000000 85.000000 85.000000 85.000000 85.000000 85.000000 85.000000 85.000000 
1.560000 85.000000 85.000000 85.000000 85.000000 85.000000 85.000000 85.000000 85.000000 
1.570000 85.000000 85.000000 85.000000 85.000000 85.000000 85.000000 85.000000 85.000000 
1.580000 85.000000 85.000000 85.000000 85.000000 85.000000 85.000000 85.000000 85.000000 
1.590000 85.000000 85.000000 85.000000 85.000000 85.000000 85.000000 85.000000 85.000000 
1.600000 85.000000 85.000000 85.000000 85.000000 85.000000 85.000000 85.000000 85.000000 
1.610000 85.000000 85.000000 85.000000 85.000000 85.000000 85.000000 85.000000 85.000000 
1.620000 85.000000 85.000000 85.000000 85.000000 85.000000 85.000000 85.000000 85.000000 
1.630000 85.000000 85.000000 85.000000 85.000000 85.000000 85.000000 85.000000 85.000000 
1.640000 85.000000 85.000000 85.000000 85.000000 85.000000 85.000000 85.000000 85.000000 
1.650000 85.000000 85.000000 85.000000 85.000000 85.000000 85.000000 85.000000 85.000000 
1.660000 85.000000 85.000000 85.000000 85.000000 85.000000 85.000000 85.000000 85.000000 
1.670000 85.000000 85.000000 85.000000 85.000000 85.000000 85.000000 85.000000 85.000000 
1.680000 85.000000 85.000000 85.000000 85.000000 85.000000 85.000000 85.000000 85.000000 
1.690000 85.000000 85.000000 85.000000 85.000000 85.000000 85.000000 85.000000 85.000000 
1.700000 85.000000 85.000000 85.000000 85.000000 85.000000 85.000000 85.000000 85.000000 
1.710000 85.000000 85.000000 85.000000 85.000000 85.000000 85.000000 85.000000 85.000000 
1.720000 85.000000 85.000000 85.000000 85.000000 85.000000 85.000000 85.000000 85.000000 
1.730000 85.000000 85.000000 85.000000 85.000000 85.000000 85.000000 85.000000 85.000000 
1.740000 85.000000 85.000000 85.000000 85.000000 85.000000 85.000000 85.000000 85.000000 
1.750000 85.000000 85.000000 85.000000 85.000000 85.000000 85.000000 85.000000 85.000000 
1.760000 85.000000 85.000000 85.000000 85.000000 85.000000 85.000000 85.000000 85.000000 
1.770000 85.000000 85.000000 85.000000 85.000000 85.000000 85.000000 85.000000 85.000000 
1.780000 85.000000 85.000000 85.000000 85.000000 85.000000 85.000000 85.000000 85.000000 
0.000000 85.000000 85.000000 85.000000 85.000000 85.000000 85.000000 85.000000 85.000000 
0.000000 85.000000 85.000000 85.000000 85.000000 85.000000 85.000000 85.000000 85.000000 
0.010000 85.000000 85.000000 85.000000 85.000000 85.000000 85.000000 85.000000 85.000000 
0.020000 85.000000 85.000000 85.000000 85.000000 85.000000 85.000000 85.000000 85.000000 
0.030000 85.000000 85.000000 85.000000 85.000000 85.000000 85.000000 85.000000 85.000000 
0.040000 85.000000 85.000000 85.000000 85.000000 85.000000 85.000000 85.000000 85.000000 
0.050000 85.000000 85.000000 85.000000 85.000000 85.000000 85.000000 85.000000 85.000000 
0.060000 85.000000 85.000000 85.000000 85.000000 85.000000 85.000000 85.000000 85.000000 
0.070000 85.000000 85.000000 85.000000 85.000000 85.000000 85.000000 85.000000 85.000000 
0.080000 85.000000 85.000000 85.000000 85.000000 85.000000 85.000000 85.000000 85.000000 
0.090000 85.000000 85.000000 85.000000 85.000000 85.000000 85.000000 85.000000 85.000000 
0.100000 85.000000 85.000000 85.000000 85.000000 85.000000 85.000000 85.000000 85.000000 
0.110000 85.000000 85.000000 85.000000 85.000000 85.000000 85.000000 85.000000 85.000000 
0.120000 85.000000 85.000000 85.000000 85.000000 85.000000 85.000000 85.000000 85.000000 
0.130000 85.000000 85.000000 85.000000 85.000000 85.000000 85.000000 85.000000 85.000000 
0.140000 85.000000 85.000000 85.000000 85.000000 85.000000 85.000000 85.000000 85.000000 
0.150000 85.000000 85.000000 85.000000 85.000000 85.000000 85.000000 85.000000 85.000000 
0.160000 85.000000 85.000000 85.000000 85.000000 85.000000 85.000000 85.000000 85.000000 
0.170000 85.000000 85.000000 85.000000 85.000000 85.000000 85.000000 85.000000 85.000000 
0.180000 85.000000 85.000000 85.000000 85.000000 85.000000 85.000000 85.000000 85.000000 
0.190000 85.000000 85.000000 85.000000 85.000000 85.000000 85.000000 85.000000 85.000000 
0.200000 85.000000 85.000000 85.000000 85.000000 85.000000 85.000000 85.000000 85.000000 
0.210000 85.000000 85.000000 85.000000 85.000000 85.000000 85.000000 85.000000 85.000000 
0.220000 85.000000 85.000000 85.000000 85.000000 85.000000 85.000000 85.000000 85.000000 
0.230000 85.000000 85.000000 85.000000 85.000000 85.000000 85.000000 85.000000 85.000000 
0.240000 85.000000 85.000000 85.000000 85.000000 85.000000 85.000000 85.000000 85.000000 
0.250000 85.000000 85.000000 85.000000 85.000000 85.000000 85.000000 85.000000 85.000000 
0.260000 85.000000 85.000000 85.000000 85.000000 85.000000 85.000000 85.000000 85.000000 
0.270000 85.000000 85.000000 85.000000 85.000000 85.000000 85.000000 85.000000 85.000000 
0.280000 85.000000 85.000000 85.000000 85.000000 85.000000 85.000000 85.000000 85.000000 
0.290000 85.000000 85.000000 85.000000 85.000000 85.000000 85.000000 85.000000 85.000000 
0.300000 85.000000 85.000000 85.000000 85.000000 85.000000 85.000000 85.000000 85.000000 
0.310000 85.000000 85.000000 85.000000 85.000000 85.000000 85.000000 85.000000 85.000000 
0.320000 85.000000 85.000000 85.000000 85.000000 85.000000 85.000000 85.000000 85.000000 
0.330000 85.000000 85.000000 85.000000 85.000000 85.000000 85.000000 85.000000 85.000000 
0.340000 85.000000 85.000000 85.000000 85.000000 85.000000 85.000000 85.000000 85.000000 
0.350000 85.000000 85.000000 85.000000 85.000000 85.000000 85.000000 85.000000 85.000000 
0.360000 85.000000 85.000000 85.000000 85.000000 85.000000 85.000000 85.000000 85.000000 
0.370000 85.000000 85.000000 85.000000 85.000000 85.000000 85.000000 85.000000 85.000000 
0.380000 85.000000 85.000000 85.000000 85.000000 85.000000 85.000000 85.000000 85.000000 
0.390000 85.000000 85.000000 85.000000 85.000000 85.000000 85.000000 85.000000 85.000000 
0.400000 85.000000 85.000000 85.000000 85.000000 85.000000 85.000000 85.000000 85.000000 
0.410000 85.000000 85.000000 85.000000 85.000000 85.000000 85.000000 85.000000 85.000000 
0.420000 85.000000 85.000000 85.000000 85.000000 85.000000 85.000000 85.000000 85.000000 
0.430000 85.000000 85.000000 85.000000 85.000000 85.000000 85.000000 85.000000 85.000000 
0.440000 85.000000 85.000000 85.000000 85.000000 85.000000 85.000000 85.000000 85.000000 
0.450000 85.000000 85.000000 85.000000 85.000000 85.000000 85.000000 85.000000 85.000000 
0.460000 85.000000 85.000000 85.000000 85.000000 85.000000 85.000000 85.000000 85.000000 
0.470000 85.000000 85.000000 85.000000 85.000000 85.000000 85.000000 85.000000 85.000000 
0.480000 85.000000 85.000000 85.000000 85.000000 85.000000 85.000000 85.000000 85.000000 
0.490000 85.000000 85.000000 85.000000 85.000000 85.000000 85.000000 85.000000 85.000000 
0.500000 85.000000 85.000000 85.000000 85.000000 85.000000 85.000000 85.000000 85.000000 
0.510000 85.000000 85.000000 85.000000 85.000000 85.000000 85.000000 85.000000 85.000000 
0.520000 85.000000 85.000000 85.000000 85.000000 85.000000 85.000000 85.000000 85.000000 
0.530000 85.000000 85.000000 85.000000 85.000000 85.000000 85.000000 85.000000 85.000000 
0.540000 85.000000 85.000000 85.000000 85.000000 85.000000 85.000000 85.000000 85.000000 
0.550000 85.000000 85.000000 85.000000 85.000000 85.000000 85.000000 85.000000 85.000000 
0.560000 85.000000 85.000000 85.000000 85.000000 85.000000 85.000000 85.000000 85.000000 
0.570000 85.000000 85.000000 85.000000 85.000000 85.000000 85.000000 85.000000 85.000000 
0.580000 85.000000 85.000000 85.000000 85.000000 85.000000 85.000000 85.000000 85.000000 
0.590000 85.000000 85.000000 85.000000 85.000000 85.000000 85.000000 85.000000 85.000000 
0.600000 85.000000 85.000000 85.000000 85.000000 85.000000 85.000000 85.000000 85.000000 
0.610000 85.000000 85.000000 85.000000 85.000000 85.000000 85.000000 85.000000 85.000000 
0.620000 85.000000 85.000000 85.000000 85.000000 85.000000 85.000000 85.000000 85.000000 
0.630000 85.000000 85.000000 85.000000 85.000000 85.000000 85.000000 85.000000 85.000000 
0.640000 85.000000 85.000000 85.000000 85.000000 85.000000 85.000000 85.000000 85.000000 
0.650000 85.000000 85.000000 85.000000 85.000000 85.000000 85.000000 85.000000 85.000000 
0.660000 85.000000 85.000000 85.000000 85.000000 85.000000 85.000000 85.000000 85.000000 
0.670000 85.000000 85.000000 85.000000 85.000000 85.000000 85.000000 85.000000 85.000000 
0.680000 85.000000 85.000000 85.000000 85.000000 85.000000 85.000000 85.000000 85.000000 
0.690000 85.000000 85.000000 85.000000 85.000000 85.000000 85.000000 85.000000 85.000000 
0.700000 85.000000 85.000000 85.000000 85.000000 85.000000 85.000000 85.000000 85.000000 
0.710000 85.000000 85.000000 85.000000 85.000000 85.000000 85.000000 85.000000 85.000000 
0.720000 85.000000 85.000000 85.000000 85.000000 85.000000 85.000000 85.000000 85.000000 
0.730000 85.000000 85.000000 85.000000 85.000000 85.000000 85.000000 85.000000 85.000000 
0.740000 85.000000 85.000000 85.000000 85.000000 85.000000 85.000000 85.000000 85.000000 
0.750000 85.000000 85.000000 85.000000 85.000000 85.000000 85.000000 85.000000 85.000000 
0.760000 85.000000 85.000000 85.000000 85.000000 85.000000 85.000000 85.000000 85.000000 
0.770000 85.000000 85.000000 85.000000 85.000000 85.000000 85.000000 85.000000 85.000000 
0.780000 85.000000 85.000000 85.000000 85.000000 85.000000 85.000000 85.000000 85.000000 
0.790000 85.000000 85.000000 85.000000 85.000000 85.000000 85.000000 85.000000 85.000000 
0.800000 85.000000 85.000000 85.000000 85.000000 85.000000 85.000000 85.000000 85.000000 
0.810000 85.000000 85.000000 85.000000 85.000000 85.000000 85.000000 85.000000 85.000000 
0.820000 85.000000 85.000000 85.000000 85.000000 85.000000 85.000000 85.000000 85.000000 
0.830000 85.000000 85.000000 85.000000 85.000000 85.000000 85.000000 85.000000 85.000000 
0.840000 85.000000 85.000000 85.000000 85.000000 85.000000 85.000000 85.000000 85.000000 
0.850000 85.000000 85.000000 85.000000 85.000000 85.000000 85.000000 85.000000 85.000000 
0.860000 85.000000 85.000000 85.000000 85.000000 85.000000 85.000000 85.000000 85.000000 
0.870000 85.000000 85.000000 85.000000 85.000000 85.000000 85.000000 85.000000 85.000000 
0.880000 85.000000 85.000000 85.000000 85.000000 85.000000 85.000000 85.000000 85.000000 
0.890000 85.000000 85.000000 85.000000 85.000000 85.000000 85.000000 85.000000 85.000000 
0.900000 85.000000 85.000000 85.000000 85.000000 85.000000 85.000000 85.000000 85.000000 
0.910000 85.000000 85.000000 85.000000 85.000000 85.000000 85.000000 85.000000 85.000000 
0.920000 85.000000 85.000000 85.000000 85.000000 85.000000 85.000000 85.000000 85.000000 
0.930000 85.000000 85.000000 85.000000 85.000000 85.000000 85.000000 85.000000 85.000000 
0.940000 85.000000 85.000000 85.000000 85.000000 85.000000 85.000000 85.000000 85.000000 
0.950000 85.000000 85.000000 85.000000 85.000000 85.000000 85.000000 85.000000 85.000000 
0.960000 85.000000 85.000000 85.000000 85.000000 85.000000 85.000000 85.000000 85.000000 
0.970000 85.000000 85.000000 85.000000 85.000000 85.000000 85.000000 85.000000 85.000000 
0.980000 85.000000 85.000000 85.000000 85.000000 85.000000 85.000000 85.000000 85.000000 
0.990000 85.000000 85.000000 85.000000 85.000000 85.000000 85.000000 85.000000 85.000000 
1.000000 85.000000 85.000000 85.000000 85.000000 85.000000 85.000000 85.000000 85.000000 
1.000000 85.000000 85.000000 85.000000 85.000000 85.000000 85.000000 85.000000 85.000000 
